2024-04-14 16:37:34.068 [info] Added views:workbench.panel.markers.view in workbench.panel.markers
2024-04-14 16:37:34.068 [info] Added views:workbench.panel.output in workbench.panel.output
2024-04-14 16:37:34.068 [info] Added views:terminal in terminal
2024-04-14 16:37:34.068 [info] Added views:outline in workbench.view.explorer
2024-04-14 16:37:34.068 [info] Added views:workbench.scm in workbench.view.scm
2024-04-14 16:37:34.068 [info] Added views:workbench.view.search in workbench.view.search
2024-04-14 16:37:34.068 [info] Added views:timeline in workbench.view.explorer
2024-04-14 16:37:34.068 [info] Added views:workbench.explorer.emptyView in workbench.view.explorer
2024-04-14 16:37:34.732 [info] Added views:workbench.debug.variablesView,workbench.debug.watchExpressionsView,workbench.debug.callStackView,workbench.debug.breakPointsView in workbench.view.debug
2024-04-14 16:37:34.915 [info] Added views:~remote.forwardedPorts in ~remote.forwardedPortsContainer
2024-04-14 16:37:34.991 [info] Added views:workbench.panel.repl.view in workbench.panel.repl
2024-04-14 16:37:34.992 [info] Removed views:workbench.debug.breakPointsView,workbench.debug.callStackView,workbench.debug.watchExpressionsView,workbench.debug.variablesView from workbench.view.debug
2024-04-14 16:37:34.993 [info] Added views:workbench.debug.welcome in workbench.view.debug
2024-04-14 16:37:41.586 [info] Added views:workbench.views.extensions.installed,workbench.views.extensions.popular,extensions.recommendedList in workbench.view.extensions
2024-04-14 16:37:41.590 [info] Removed views:workbench.views.extensions.popular from workbench.view.extensions
2024-04-14 16:37:41.939 [info] Added views:workbench.views.extensions.popular in workbench.view.extensions
2024-04-14 16:37:48.732 [info] Removed views:extensions.recommendedList,workbench.views.extensions.popular,workbench.views.extensions.installed from workbench.view.extensions
2024-04-14 16:37:48.739 [info] Added views:workbench.views.extensions.marketplace in workbench.view.extensions
2024-04-14 16:38:04.474 [info] Removed views:workbench.views.extensions.marketplace from workbench.view.extensions
2024-04-14 16:38:04.488 [info] Added views:workbench.views.extensions.installed,workbench.views.extensions.popular,extensions.recommendedList in workbench.view.extensions
2024-04-14 16:38:06.463 [info] Removed views:extensions.recommendedList,workbench.views.extensions.popular,workbench.views.extensions.installed from workbench.view.extensions
2024-04-14 16:38:06.472 [info] Added views:workbench.views.extensions.marketplace in workbench.view.extensions
2024-04-14 16:38:07.797 [info] Removed views:workbench.views.extensions.marketplace from workbench.view.extensions
2024-04-14 16:38:07.818 [info] Added views:workbench.views.extensions.installed,workbench.views.extensions.popular,extensions.recommendedList in workbench.view.extensions
